\BOOKMARK [-1][]{ctitle.-1}{\376\377\121\163\116\216\121\110\167\345\116\015\173\111\137\017\116\345\123\312\147\000\117\030\120\134\145\366\225\356\230\230\116\055\166\204\142\052\145\255\173\126\165\145\166\204\170\024\172\166}{}% 1
\BOOKMARK [0][]{thuchapter.1.0}{\376\377\116\055\145\207\144\130\211\201}{ctitle.-1}% 2
\BOOKMARK [0][]{thuchapter.2.0}{\376\377\000A\000B\000S\000T\000R\000A\000C\000T}{ctitle.-1}% 3
\BOOKMARK [0][]{thuchapter.3.0}{\376\377\166\356\000\040\137\125}{ctitle.-1}% 4
\BOOKMARK [0][]{chapter.1}{\376\377\173\054\000\040\0001\000\040\172\340\000\040\137\025\212\000}{ctitle.-1}% 5
\BOOKMARK [0][]{chapter.2}{\376\377\173\054\000\040\0002\000\040\172\340\000\040\000n\000=\0002\145\366\166\204\121\110\167\345\116\015\173\111\137\017}{ctitle.-1}% 6
\BOOKMARK [1][-]{section.2.1}{\376\377\0002\000.\0001\000\040\145\366\225\364\136\163\127\107\140\305\121\265}{chapter.2}% 7
\BOOKMARK [1][-]{section.2.2}{\376\377\0002\000.\0002\000\040\220\022\121\317\175\057\171\357\140\305\121\265}{chapter.2}% 8
\BOOKMARK [0][]{chapter.3}{\376\377\173\054\000\040\0003\000\040\172\340\000\040\147\000\117\030\120\134\145\366\166\204\142\052\145\255\173\126\165\145}{ctitle.-1}% 9
\BOOKMARK [1][-]{section.3.1}{\376\377\0003\000.\0001\000\040\142\052\145\255\173\126\165\145}{chapter.3}% 10
\BOOKMARK [1][-]{section.3.2}{\376\377\0003\000.\0002\000\040\116\000\201\364\142\052\145\255\173\126\165\145}{chapter.3}% 11
\BOOKMARK [1][-]{section.3.3}{\376\377\0003\000.\0003\000\040\133\371\116\216\145\366\225\364\136\163\127\107\140\305\121\265\142\052\145\255\120\074\166\204\122\006\147\220}{chapter.3}% 12
\BOOKMARK [0][]{chapter.4}{\376\377\173\054\000\040\0004\000\040\172\340\000\040\145\366\225\364\136\163\127\107\140\305\121\265\116\013\133\371\162\171\153\212\151\202\163\207\122\006\136\003\116\013\166\204\122\006\147\220}{ctitle.-1}% 13
\BOOKMARK [1][-]{section.4.1}{\376\377\0004\000.\0001\000\040\000B\000\050\000p\000\051\122\006\136\003}{chapter.4}% 14
\BOOKMARK [1][-]{section.4.2}{\376\377\0004\000.\0002\000\040\000[\0000\000,\0001\000]\116\012\166\204\173\111\215\335\171\273\145\143\122\006\136\003}{chapter.4}% 15
\BOOKMARK [1][-]{section.4.3}{\376\377\0004\000.\0003\000\040\000[\0000\000,\0001\000]\116\012\127\107\123\000\122\006\136\003}{chapter.4}% 16
\BOOKMARK [0][]{chapter.5}{\376\377\173\054\000\040\0005\000\040\172\340\000\040\176\323\213\355}{ctitle.-1}% 17
\BOOKMARK [0][]{section*.13}{\376\377\121\154\137\017\175\042\137\025}{ctitle.-1}% 18
\BOOKMARK [0][]{section*.15}{\376\377\123\302\200\003\145\207\163\056}{ctitle.-1}% 19
\BOOKMARK [0][]{section*.17}{\376\377\201\364\000\040\214\042}{ctitle.-1}% 20
\BOOKMARK [0][]{section*.19}{\376\377\130\360\000\040\146\016}{ctitle.-1}% 21
\BOOKMARK [0][]{appendix.A}{\376\377\226\104\137\125\000\040\000A\000\040\202\361\145\207\145\207\163\056\214\003\170\024\142\245\124\112}{ctitle.-1}% 22
